<?xml version="1.0" encoding="utf-8"?>
<django-objects version="1.0"><object model="etest.test" pk="1"><field name="title" type="CharField">Sabiranje</field><field name="creator" rel="ManyToOneRel" to="accounts.user">2</field><field name="course" rel="ManyToOneRel" to="etest.course">1</field></object><object model="etest.question" pk="1"><field name="question_text" type="TextField">Koliko je 2+5?</field><field name="test" rel="ManyToOneRel" to="etest.test">1</field><field name="problem" rel="OneToOneRel" to="etest.node">1</field></object><object model="etest.question" pk="2"><field name="question_text" type="TextField">Koliko je 22+55?</field><field name="test" rel="ManyToOneRel" to="etest.test">1</field><field name="problem" rel="OneToOneRel" to="etest.node">2</field></object><object model="etest.question" pk="3"><field name="question_text" type="TextField">Koliko je 222+555?</field><field name="test" rel="ManyToOneRel" to="etest.test">1</field><field name="problem" rel="OneToOneRel" to="etest.node">3</field></object><object model="etest.question" pk="4"><field name="question_text" type="TextField">Koliko je 2222+5555?</field><field name="test" rel="ManyToOneRel" to="etest.test">1</field><field name="problem" rel="OneToOneRel" to="etest.node">4</field></object><object model="etest.question" pk="5"><field name="question_text" type="TextField">Koliko je 22222+55555?</field><field name="test" rel="ManyToOneRel" to="etest.test">1</field><field name="problem" rel="OneToOneRel" to="etest.node">5</field></object><object model="etest.answer" pk="1"><field name="answer_text" type="CharField">4</field><field name="question" rel="ManyToOneRel" to="etest.question">1</field><field name="correct_answer" type="BooleanField">False</field></object><object model="etest.answer" pk="2"><field name="answer_text" type="CharField">5</field><field name="question" rel="ManyToOneRel" to="etest.question">1</field><field name="correct_answer" type="BooleanField">False</field></object><object model="etest.answer" pk="3"><field name="answer_text" type="CharField">6</field><field name="question" rel="ManyToOneRel" to="etest.question">1</field><field name="correct_answer" type="BooleanField">False</field></object><object model="etest.answer" pk="4"><field name="answer_text" type="CharField">7</field><field name="question" rel="ManyToOneRel" to="etest.question">1</field><field name="correct_answer" type="BooleanField">True</field></object><object model="etest.answer" pk="5"><field name="answer_text" type="CharField">77</field><field name="question" rel="ManyToOneRel" to="etest.question">2</field><field name="correct_answer" type="BooleanField">True</field></object><object model="etest.answer" pk="6"><field name="answer_text" type="CharField">66</field><field name="question" rel="ManyToOneRel" to="etest.question">2</field><field name="correct_answer" type="BooleanField">False</field></object><object model="etest.answer" pk="7"><field name="answer_text" type="CharField">55</field><field name="question" rel="ManyToOneRel" to="etest.question">2</field><field name="correct_answer" type="BooleanField">False</field></object><object model="etest.answer" pk="8"><field name="answer_text" type="CharField">44</field><field name="question" rel="ManyToOneRel" to="etest.question">2</field><field name="correct_answer" type="BooleanField">False</field></object><object model="etest.answer" pk="9"><field name="answer_text" type="CharField">444</field><field name="question" rel="ManyToOneRel" to="etest.question">3</field><field name="correct_answer" type="BooleanField">False</field></object><object model="etest.answer" pk="10"><field name="answer_text" type="CharField">777</field><field name="question" rel="ManyToOneRel" to="etest.question">3</field><field name="correct_answer" type="BooleanField">True</field></object><object model="etest.answer" pk="11"><field name="answer_text" type="CharField">555</field><field name="question" rel="ManyToOneRel" to="etest.question">3</field><field name="correct_answer" type="BooleanField">False</field></object><object model="etest.answer" pk="12"><field name="answer_text" type="CharField">666</field><field name="question" rel="ManyToOneRel" to="etest.question">3</field><field name="correct_answer" type="BooleanField">False</field></object><object model="etest.answer" pk="13"><field name="answer_text" type="CharField">4444</field><field name="question" rel="ManyToOneRel" to="etest.question">4</field><field name="correct_answer" type="BooleanField">False</field></object><object model="etest.answer" pk="14"><field name="answer_text" type="CharField">5555</field><field name="question" rel="ManyToOneRel" to="etest.question">4</field><field name="correct_answer" type="BooleanField">False</field></object><object model="etest.answer" pk="15"><field name="answer_text" type="CharField">7777</field><field name="question" rel="ManyToOneRel" to="etest.question">4</field><field name="correct_answer" type="BooleanField">True</field></object><object model="etest.answer" pk="16"><field name="answer_text" type="CharField">6666</field><field name="question" rel="ManyToOneRel" to="etest.question">4</field><field name="correct_answer" type="BooleanField">False</field></object><object model="etest.answer" pk="17"><field name="answer_text" type="CharField">44444</field><field name="question" rel="ManyToOneRel" to="etest.question">5</field><field name="correct_answer" type="BooleanField">False</field></object><object model="etest.answer" pk="18"><field name="answer_text" type="CharField">55555</field><field name="question" rel="ManyToOneRel" to="etest.question">5</field><field name="correct_answer" type="BooleanField">False</field></object><object model="etest.answer" pk="19"><field name="answer_text" type="CharField">66666</field><field name="question" rel="ManyToOneRel" to="etest.question">5</field><field name="correct_answer" type="BooleanField">False</field></object><object model="etest.answer" pk="20"><field name="answer_text" type="CharField">77777</field><field name="question" rel="ManyToOneRel" to="etest.question">5</field><field name="correct_answer" type="BooleanField">True</field></object></django-objects>